<?xml version="1.0" encoding="UTF-8"?>
<coverage generated="1638311997004" clover="3.2.0">
  <project timestamp="1638311997005" name="All files">
    <metrics statements="20" coveredstatements="17" conditionals="2" coveredconditionals="1" methods="8" coveredmethods="6" elements="30" coveredelements="24" complexity="0" loc="20" ncloc="20" packages="1" files="3" classes="3"/>
    <file name="airport.js" path="C:\Users\V929702\swe2_multiverse\airport-object\airport.js">
      <metrics statements="12" coveredstatements="11" conditionals="0" coveredconditionals="0" methods="5" coveredmethods="4"/>
      <line num="32" count="1" type="stmt"/>
      <line num="33" count="1" type="stmt"/>
      <line num="37" count="1" type="stmt"/>
      <line num="38" count="1" type="stmt"/>
      <line num="44" count="0" type="stmt"/>
      <line num="51" count="1" type="stmt"/>
      <line num="53" count="1" type="stmt"/>
      <line num="55" count="1" type="stmt"/>
      <line num="57" count="1" type="stmt"/>
      <line num="59" count="1" type="stmt"/>
      <line num="60" count="1" type="stmt"/>
      <line num="65" count="1" type="stmt"/>
    </file>
    <file name="bag.js" path="C:\Users\V929702\swe2_multiverse\airport-object\bag.js">
      <metrics statements="4" coveredstatements="3" conditionals="2" coveredconditionals="1" methods="1" coveredmethods="1"/>
      <line num="3" count="1" type="cond" truecount="1" falsecount="1"/>
      <line num="4" count="0" type="stmt"/>
      <line num="7" count="1" type="stmt"/>
      <line num="11" count="1" type="stmt"/>
    </file>
    <file name="person.js" path="C:\Users\V929702\swe2_multiverse\airport-object\person.js">
      <metrics statements="4" coveredstatements="3" conditionals="0" coveredconditionals="0" methods="2" coveredmethods="1"/>
      <line num="3" count="1" type="stmt"/>
      <line num="4" count="1" type="stmt"/>
      <line num="7" count="0" type="stmt"/>
      <line num="11" count="1" type="stmt"/>
    </file>
  </project>
</coverage>
