{"C:\\Users\\V929702\\swe2_multiverse\\airport-object\\airport.js": {"path":"C:\\Users\\V929702\\swe2_multiverse\\airport-object\\airport.js","statementMap":{"0":{"start":{"line":32,"column":11},"end":{"line":32,"column":24}},"1":{"start":{"line":33,"column":13},"end":{"line":33,"column":28}},"2":{"start":{"line":37,"column":2},"end":{"line":37,"column":18}},"3":{"start":{"line":38,"column":2},"end":{"line":38,"column":18}},"4":{"start":{"line":44,"column":2},"end":{"line":44,"column":25}},"5":{"start":{"line":51,"column":28},"end":{"line":51,"column":37}},"6":{"start":{"line":53,"column":27},"end":{"line":53,"column":68}},"7":{"start":{"line":55,"column":8},"end":{"line":61,"column":10}},"8":{"start":{"line":57,"column":29},"end":{"line":57,"column":45}},"9":{"start":{"line":59,"column":28},"end":{"line":59,"column":82}},"10":{"start":{"line":59,"column":53},"end":{"line":59,"column":81}},"11":{"start":{"line":60,"column":12},"end":{"line":60,"column":33}},"12":{"start":{"line":65,"column":0},"end":{"line":65,"column":24}}},"fnMap":{"0":{"name":"(anonymous_0)","decl":{"start":{"line":36,"column":1},"end":{"line":36,"column":2}},"loc":{"start":{"line":36,"column":19},"end":{"line":41,"column":2}},"line":36},"1":{"name":"(anonymous_1)","decl":{"start":{"line":43,"column":1},"end":{"line":43,"column":2}},"loc":{"start":{"line":43,"column":17},"end":{"line":45,"column":2}},"line":43},"2":{"name":"(anonymous_2)","decl":{"start":{"line":48,"column":4},"end":{"line":48,"column":5}},"loc":{"start":{"line":48,"column":22},"end":{"line":62,"column":5}},"line":48},"3":{"name":"(anonymous_3)","decl":{"start":{"line":55,"column":32},"end":{"line":55,"column":33}},"loc":{"start":{"line":55,"column":46},"end":{"line":61,"column":9}},"line":55},"4":{"name":"(anonymous_4)","decl":{"start":{"line":59,"column":42},"end":{"line":59,"column":43}},"loc":{"start":{"line":59,"column":53},"end":{"line":59,"column":81}},"line":59}},"branchMap":{},"s":{"0":1,"1":1,"2":1,"3":1,"4":0,"5":1,"6":1,"7":1,"8":1,"9":1,"10":1,"11":1,"12":1},"f":{"0":1,"1":0,"2":1,"3":1,"4":1},"b":{},"_coverageSchema":"1a1c01bbd47fc00a2c39e90264f33305004495a9","hash":"b26a0ff79f494c43725d0d7cb7b03709bcde8dbb"}
,"C:\\Users\\V929702\\swe2_multiverse\\airport-object\\bag.js": {"path":"C:\\Users\\V929702\\swe2_multiverse\\airport-object\\bag.js","statementMap":{"0":{"start":{"line":3,"column":8},"end":{"line":5,"column":9}},"1":{"start":{"line":4,"column":12},"end":{"line":4,"column":53}},"2":{"start":{"line":7,"column":8},"end":{"line":7,"column":28}},"3":{"start":{"line":11,"column":0},"end":{"line":11,"column":20}}},"fnMap":{"0":{"name":"(anonymous_0)","decl":{"start":{"line":2,"column":4},"end":{"line":2,"column":5}},"loc":{"start":{"line":2,"column":24},"end":{"line":8,"column":5}},"line":2}},"branchMap":{"0":{"loc":{"start":{"line":3,"column":8},"end":{"line":5,"column":9}},"type":"if","locations":[{"start":{"line":3,"column":8},"end":{"line":5,"column":9}},{"start":{},"end":{}}],"line":3}},"s":{"0":1,"1":0,"2":1,"3":1},"f":{"0":1},"b":{"0":[0,1]},"_coverageSchema":"1a1c01bbd47fc00a2c39e90264f33305004495a9","hash":"2a5abd8e7f7f3c8b41619f25b64f19ab1f5d5866"}
,"C:\\Users\\V929702\\swe2_multiverse\\airport-object\\person.js": {"path":"C:\\Users\\V929702\\swe2_multiverse\\airport-object\\person.js","statementMap":{"0":{"start":{"line":3,"column":8},"end":{"line":3,"column":24}},"1":{"start":{"line":4,"column":8},"end":{"line":4,"column":24}},"2":{"start":{"line":7,"column":8},"end":{"line":7,"column":27}},"3":{"start":{"line":11,"column":0},"end":{"line":11,"column":23}}},"fnMap":{"0":{"name":"(anonymous_0)","decl":{"start":{"line":2,"column":4},"end":{"line":2,"column":5}},"loc":{"start":{"line":2,"column":28},"end":{"line":5,"column":5}},"line":2},"1":{"name":"(anonymous_1)","decl":{"start":{"line":6,"column":4},"end":{"line":6,"column":5}},"loc":{"start":{"line":6,"column":15},"end":{"line":8,"column":5}},"line":6}},"branchMap":{},"s":{"0":1,"1":1,"2":0,"3":1},"f":{"0":1,"1":0},"b":{},"_coverageSchema":"1a1c01bbd47fc00a2c39e90264f33305004495a9","hash":"a42b9ed762dfb0759c00097ea4e2395149fb8830"}
}
