TN:
SF:airport.js
FN:36,(anonymous_0)
FN:43,(anonymous_1)
FN:48,(anonymous_2)
FN:55,(anonymous_3)
FN:59,(anonymous_4)
FNF:5
FNH:4
FNDA:1,(anonymous_0)
FNDA:0,(anonymous_1)
FNDA:1,(anonymous_2)
FNDA:1,(anonymous_3)
FNDA:1,(anonymous_4)
DA:32,1
DA:33,1
DA:37,1
DA:38,1
DA:44,0
DA:51,1
DA:53,1
DA:55,1
DA:57,1
DA:59,1
DA:60,1
DA:65,1
LF:12
LH:11
BRF:0
BRH:0
end_of_record
TN:
SF:bag.js
FN:2,(anonymous_0)
FNF:1
FNH:1
FNDA:1,(anonymous_0)
DA:3,1
DA:4,0
DA:7,1
DA:11,1
LF:4
LH:3
BRDA:3,0,0,0
BRDA:3,0,1,1
BRF:2
BRH:1
end_of_record
TN:
SF:person.js
FN:2,(anonymous_0)
FN:6,(anonymous_1)
FNF:2
FNH:1
FNDA:1,(anonymous_0)
FNDA:0,(anonymous_1)
DA:3,1
DA:4,1
DA:7,0
DA:11,1
LF:4
LH:3
BRF:0
BRH:0
end_of_record
